<?xml version="1.0" encoding="UTF-8"?>
<!-- Generated by org.testng.reporters.JUnitReportReporter -->
<testsuite hostname="SravySharru" failures="0" tests="2" name="Testclasses.Amazontest" time="24.106" errors="0" timestamp="2025-07-09T01:51:06 IST" skipped="0">
  <testcase classname="Testclasses.Amazontest" name="searchSamsungandAddtoCart" time="12.012"/>
  <testcase classname="Testclasses.Amazontest" name="searchiPhoneandAddtoCart" time="12.094"/>
</testsuite> <!-- Testclasses.Amazontest -->
