<?xml version="1.0" encoding="UTF-8"?>
<!-- Generated by org.testng.reporters.JUnitReportReporter -->
<testsuite hostname="SravySharru" failures="0" tests="2" name="Testclasses.Amazontest" time="41.585" errors="0" timestamp="2025-07-09T13:32:21 IST" skipped="0">
  <testcase classname="Testclasses.Amazontest" name="searchiPhoneandAddtoCart" time="20.650"/>
  <testcase classname="Testclasses.Amazontest" name="searchSamsungandAddtoCart" time="20.935"/>
</testsuite> <!-- Testclasses.Amazontest -->
