<?xml version="1.0" encoding="UTF-8"?>
<!-- Generated by org.testng.reporters.JUnitReportReporter -->
<testsuite hostname="SravySharru" failures="0" tests="2" name="testclasses.Amazontest" time="42.275" errors="0" timestamp="2025-07-10T17:47:55 IST" skipped="0">
  <testcase classname="testclasses.Amazontest" name="searchSamsungandAddtoCart" time="21.371"/>
  <testcase classname="testclasses.Amazontest" name="searchiPhoneandAddtoCart" time="20.904"/>
</testsuite> <!-- testclasses.Amazontest -->
